[29-07-2018 10:49:18] PayPal\Core\PayPalHttpConnection : INFO: POST https://api.sandbox.paypal.com/v1/oauth2/token
[29-07-2018 10:49:20] PayPal\Core\PayPalHttpConnection : INFO: Response Status 	: 401
[29-07-2018 10:49:20] PayPal\Core\PayPalHttpConnection : ERROR: Got Http response code 401 when accessing https://api.sandbox.paypal.com/v1/oauth2/token. {"error":"invalid_client","error_description":"Client Authentication failed"}
[29-07-2018 10:59:58] PayPal\Core\PayPalHttpConnection : INFO: POST https://api.sandbox.paypal.com/v1/oauth2/token
[29-07-2018 11:00:00] PayPal\Core\PayPalHttpConnection : INFO: Response Status 	: 401
[29-07-2018 11:00:00] PayPal\Core\PayPalHttpConnection : ERROR: Got Http response code 401 when accessing https://api.sandbox.paypal.com/v1/oauth2/token. {"error":"invalid_client","error_description":"Client Authentication failed"}
[29-07-2018 11:02:41] PayPal\Core\PayPalHttpConnection : INFO: POST https://api.sandbox.paypal.com/v1/oauth2/token
[29-07-2018 11:02:43] PayPal\Core\PayPalHttpConnection : INFO: Response Status 	: 401
[29-07-2018 11:02:43] PayPal\Core\PayPalHttpConnection : ERROR: Got Http response code 401 when accessing https://api.sandbox.paypal.com/v1/oauth2/token. {"error":"invalid_client","error_description":"Client Authentication failed"}
[29-07-2018 11:05:58] PayPal\Core\PayPalHttpConnection : INFO: POST https://api.sandbox.paypal.com/v1/oauth2/token
[29-07-2018 11:06:00] PayPal\Core\PayPalHttpConnection : INFO: Response Status 	: 401
[29-07-2018 11:06:00] PayPal\Core\PayPalHttpConnection : ERROR: Got Http response code 401 when accessing https://api.sandbox.paypal.com/v1/oauth2/token. {"error":"invalid_client","error_description":"Client Authentication failed"}
[29-07-2018 11:11:10] PayPal\Core\PayPalHttpConnection : INFO: POST https://api.sandbox.paypal.com/v1/oauth2/token
[29-07-2018 11:11:12] PayPal\Core\PayPalHttpConnection : INFO: Response Status 	: 401
[29-07-2018 11:11:12] PayPal\Core\PayPalHttpConnection : ERROR: Got Http response code 401 when accessing https://api.sandbox.paypal.com/v1/oauth2/token. {"error":"invalid_client","error_description":"Client Authentication failed"}
[29-07-2018 11:13:39] PayPal\Core\PayPalHttpConnection : INFO: POST https://api.sandbox.paypal.com/v1/oauth2/token
[29-07-2018 11:13:41] PayPal\Core\PayPalHttpConnection : INFO: Response Status 	: 401
[29-07-2018 11:13:41] PayPal\Core\PayPalHttpConnection : ERROR: Got Http response code 401 when accessing https://api.sandbox.paypal.com/v1/oauth2/token. {"error":"invalid_client","error_description":"Client Authentication failed"}
[29-07-2018 11:59:38] PayPal\Core\PayPalHttpConnection : INFO: POST https://api.sandbox.paypal.com/v1/oauth2/token
[29-07-2018 12:00:41] PayPal\Core\PayPalHttpConnection : INFO: POST https://api.sandbox.paypal.com/v1/oauth2/token
[29-07-2018 12:00:50] PayPal\Core\PayPalHttpConnection : INFO: Response Status 	: 401
[29-07-2018 12:00:50] PayPal\Core\PayPalHttpConnection : ERROR: Got Http response code 401 when accessing https://api.sandbox.paypal.com/v1/oauth2/token. {"error":"invalid_client","error_description":"Client Authentication failed"}
[30-07-2018 07:47:45] PayPal\Core\PayPalHttpConnection : INFO: POST https://api.sandbox.paypal.com/v1/oauth2/token
[30-07-2018 07:47:47] PayPal\Core\PayPalHttpConnection : INFO: Response Status 	: 200
[30-07-2018 07:47:47] PayPal\Core\PayPalHttpConnection : INFO: POST https://api.sandbox.paypal.com/v1/payments/payment
[30-07-2018 07:48:02] PayPal\Core\PayPalHttpConnection : INFO: Response Status 	: 201
[30-07-2018 07:55:28] PayPal\Core\PayPalHttpConnection : INFO: POST https://api.sandbox.paypal.com/v1/oauth2/token
[30-07-2018 07:55:32] PayPal\Core\PayPalHttpConnection : INFO: Response Status 	: 200
[30-07-2018 07:55:32] PayPal\Core\PayPalHttpConnection : INFO: POST https://api.sandbox.paypal.com/v1/payments/payment
[30-07-2018 07:55:47] PayPal\Core\PayPalHttpConnection : INFO: Response Status 	: 201
[30-07-2018 11:24:17] PayPal\Core\PayPalHttpConnection : INFO: POST https://api.sandbox.paypal.com/v1/oauth2/token
[30-07-2018 11:24:21] PayPal\Core\PayPalHttpConnection : INFO: Response Status 	: 200
[30-07-2018 11:24:21] PayPal\Core\PayPalHttpConnection : INFO: POST https://api.sandbox.paypal.com/v1/payments/payment
[30-07-2018 11:24:35] PayPal\Core\PayPalHttpConnection : INFO: Response Status 	: 201
[30-07-2018 11:29:26] PayPal\Core\PayPalHttpConnection : INFO: POST https://api.sandbox.paypal.com/v1/oauth2/token
[30-07-2018 11:29:30] PayPal\Core\PayPalHttpConnection : INFO: Response Status 	: 200
[30-07-2018 11:29:30] PayPal\Core\PayPalHttpConnection : INFO: POST https://api.sandbox.paypal.com/v1/payments/payment
[30-07-2018 11:29:46] PayPal\Core\PayPalHttpConnection : INFO: Response Status 	: 201
[30-07-2018 11:35:54] PayPal\Core\PayPalHttpConnection : INFO: POST https://api.sandbox.paypal.com/v1/oauth2/token
[30-07-2018 11:35:57] PayPal\Core\PayPalHttpConnection : INFO: Response Status 	: 200
[30-07-2018 11:35:57] PayPal\Core\PayPalHttpConnection : INFO: POST https://api.sandbox.paypal.com/v1/payments/payment
[30-07-2018 11:36:13] PayPal\Core\PayPalHttpConnection : INFO: Response Status 	: 201
[30-07-2018 01:12:39] PayPal\Core\PayPalHttpConnection : INFO: POST https://api.sandbox.paypal.com/v1/oauth2/token
[30-07-2018 01:12:43] PayPal\Core\PayPalHttpConnection : INFO: Response Status 	: 200
[30-07-2018 01:12:43] PayPal\Core\PayPalHttpConnection : INFO: POST https://api.sandbox.paypal.com/v1/payments/payment
[30-07-2018 01:13:01] PayPal\Core\PayPalHttpConnection : INFO: Response Status 	: 201
[31-07-2018 08:15:29] PayPal\Core\PayPalHttpConnection : INFO: POST https://api.sandbox.paypal.com/v1/oauth2/token
[31-07-2018 08:16:32] PayPal\Core\PayPalHttpConnection : INFO: POST https://api.sandbox.paypal.com/v1/oauth2/token
[31-07-2018 08:16:41] PayPal\Core\PayPalHttpConnection : INFO: Response Status 	: 200
[31-07-2018 08:16:41] PayPal\Core\PayPalHttpConnection : INFO: POST https://api.sandbox.paypal.com/v1/payments/payment
[31-07-2018 08:16:55] PayPal\Core\PayPalHttpConnection : INFO: Response Status 	: 201
[31-07-2018 10:23:08] PayPal\Core\PayPalHttpConnection : INFO: POST https://api.sandbox.paypal.com/v1/oauth2/token
[31-07-2018 10:23:16] PayPal\Core\PayPalHttpConnection : INFO: Response Status 	: 200
[31-07-2018 10:23:16] PayPal\Core\PayPalHttpConnection : INFO: POST https://api.sandbox.paypal.com/v1/payments/payment
[31-07-2018 10:23:18] PayPal\Core\PayPalHttpConnection : INFO: Response Status 	: 400
[31-07-2018 10:23:18] PayPal\Core\PayPalHttpConnection : ERROR: Got Http response code 400 when accessing https://api.sandbox.paypal.com/v1/payments/payment. {"name":"MALFORMED_REQUEST","message":"Incoming JSON request does not map to API request","information_link":"https://developer.paypal.com/webapps/developer/docs/api/#MALFORMED_REQUEST","debug_id":"5ce64e872fe85"}
[31-07-2018 10:25:53] PayPal\Core\PayPalHttpConnection : INFO: POST https://api.sandbox.paypal.com/v1/oauth2/token
[31-07-2018 10:25:55] PayPal\Core\PayPalHttpConnection : INFO: Response Status 	: 200
[31-07-2018 10:25:55] PayPal\Core\PayPalHttpConnection : INFO: POST https://api.sandbox.paypal.com/v1/payments/payment
[31-07-2018 10:25:57] PayPal\Core\PayPalHttpConnection : INFO: Response Status 	: 400
[31-07-2018 10:25:57] PayPal\Core\PayPalHttpConnection : ERROR: Got Http response code 400 when accessing https://api.sandbox.paypal.com/v1/payments/payment. {"name":"MALFORMED_REQUEST","message":"Incoming JSON request does not map to API request","information_link":"https://developer.paypal.com/webapps/developer/docs/api/#MALFORMED_REQUEST","debug_id":"751714e9d68f2"}
[31-07-2018 10:26:49] PayPal\Core\PayPalHttpConnection : INFO: POST https://api.sandbox.paypal.com/v1/oauth2/token
[31-07-2018 10:26:52] PayPal\Core\PayPalHttpConnection : INFO: Response Status 	: 200
[31-07-2018 10:26:52] PayPal\Core\PayPalHttpConnection : INFO: POST https://api.sandbox.paypal.com/v1/payments/payment
[31-07-2018 10:26:53] PayPal\Core\PayPalHttpConnection : INFO: Response Status 	: 400
[31-07-2018 10:26:53] PayPal\Core\PayPalHttpConnection : ERROR: Got Http response code 400 when accessing https://api.sandbox.paypal.com/v1/payments/payment. {"name":"MALFORMED_REQUEST","message":"Incoming JSON request does not map to API request","information_link":"https://developer.paypal.com/webapps/developer/docs/api/#MALFORMED_REQUEST","debug_id":"bdcb971c3626d"}
[31-07-2018 10:37:47] PayPal\Core\PayPalHttpConnection : INFO: POST https://api.sandbox.paypal.com/v1/oauth2/token
[31-07-2018 10:37:50] PayPal\Core\PayPalHttpConnection : INFO: Response Status 	: 200
[31-07-2018 10:37:50] PayPal\Core\PayPalHttpConnection : INFO: POST https://api.sandbox.paypal.com/v1/payments/payment
[31-07-2018 10:37:52] PayPal\Core\PayPalHttpConnection : INFO: Response Status 	: 400
[31-07-2018 10:37:52] PayPal\Core\PayPalHttpConnection : ERROR: Got Http response code 400 when accessing https://api.sandbox.paypal.com/v1/payments/payment. {"name":"MALFORMED_REQUEST","message":"Incoming JSON request does not map to API request","information_link":"https://developer.paypal.com/webapps/developer/docs/api/#MALFORMED_REQUEST","debug_id":"2894412ee9832"}
[31-07-2018 10:45:27] PayPal\Core\PayPalHttpConnection : INFO: POST https://api.sandbox.paypal.com/v1/oauth2/token
[31-07-2018 10:45:31] PayPal\Core\PayPalHttpConnection : INFO: Response Status 	: 200
[31-07-2018 10:45:31] PayPal\Core\PayPalHttpConnection : INFO: POST https://api.sandbox.paypal.com/v1/payments/payment
[31-07-2018 10:45:32] PayPal\Core\PayPalHttpConnection : INFO: Response Status 	: 400
[31-07-2018 10:45:32] PayPal\Core\PayPalHttpConnection : ERROR: Got Http response code 400 when accessing https://api.sandbox.paypal.com/v1/payments/payment. {"name":"MALFORMED_REQUEST","message":"Incoming JSON request does not map to API request","information_link":"https://developer.paypal.com/webapps/developer/docs/api/#MALFORMED_REQUEST","debug_id":"5cc3834d2840f"}
[31-07-2018 11:00:46] PayPal\Core\PayPalHttpConnection : INFO: POST https://api.sandbox.paypal.com/v1/oauth2/token
[31-07-2018 11:00:47] PayPal\Core\PayPalHttpConnection : INFO: Response Status 	: 200
[31-07-2018 11:00:47] PayPal\Core\PayPalHttpConnection : INFO: POST https://api.sandbox.paypal.com/v1/payments/payment
[31-07-2018 11:00:49] PayPal\Core\PayPalHttpConnection : INFO: Response Status 	: 400
[31-07-2018 11:00:49] PayPal\Core\PayPalHttpConnection : ERROR: Got Http response code 400 when accessing https://api.sandbox.paypal.com/v1/payments/payment. {"name":"MALFORMED_REQUEST","message":"Incoming JSON request does not map to API request","information_link":"https://developer.paypal.com/webapps/developer/docs/api/#MALFORMED_REQUEST","debug_id":"2fc7ed5273799"}
[31-07-2018 11:02:33] PayPal\Core\PayPalHttpConnection : INFO: POST https://api.sandbox.paypal.com/v1/oauth2/token
[31-07-2018 11:02:35] PayPal\Core\PayPalHttpConnection : INFO: Response Status 	: 200
[31-07-2018 11:02:35] PayPal\Core\PayPalHttpConnection : INFO: POST https://api.sandbox.paypal.com/v1/payments/payment
[31-07-2018 11:02:36] PayPal\Core\PayPalHttpConnection : INFO: Response Status 	: 400
[31-07-2018 11:02:36] PayPal\Core\PayPalHttpConnection : ERROR: Got Http response code 400 when accessing https://api.sandbox.paypal.com/v1/payments/payment. {"name":"MALFORMED_REQUEST","message":"Incoming JSON request does not map to API request","information_link":"https://developer.paypal.com/webapps/developer/docs/api/#MALFORMED_REQUEST","debug_id":"5102cf01a657e"}
[31-07-2018 11:05:36] PayPal\Core\PayPalHttpConnection : INFO: POST https://api.sandbox.paypal.com/v1/oauth2/token
[31-07-2018 11:05:43] PayPal\Core\PayPalHttpConnection : INFO: Response Status 	: 200
[31-07-2018 11:05:43] PayPal\Core\PayPalHttpConnection : INFO: POST https://api.sandbox.paypal.com/v1/payments/payment
[31-07-2018 11:05:44] PayPal\Core\PayPalHttpConnection : INFO: Response Status 	: 400
[31-07-2018 11:05:44] PayPal\Core\PayPalHttpConnection : ERROR: Got Http response code 400 when accessing https://api.sandbox.paypal.com/v1/payments/payment. {"name":"MALFORMED_REQUEST","message":"Incoming JSON request does not map to API request","information_link":"https://developer.paypal.com/webapps/developer/docs/api/#MALFORMED_REQUEST","debug_id":"72db7649a8993"}
[31-07-2018 11:08:56] PayPal\Core\PayPalHttpConnection : INFO: POST https://api.sandbox.paypal.com/v1/oauth2/token
[31-07-2018 11:09:01] PayPal\Core\PayPalHttpConnection : INFO: Response Status 	: 200
[31-07-2018 11:09:01] PayPal\Core\PayPalHttpConnection : INFO: POST https://api.sandbox.paypal.com/v1/payments/payment
[31-07-2018 11:09:15] PayPal\Core\PayPalHttpConnection : INFO: Response Status 	: 201
[31-07-2018 11:13:10] PayPal\Core\PayPalHttpConnection : INFO: POST https://api.sandbox.paypal.com/v1/oauth2/token
[31-07-2018 11:13:28] PayPal\Core\PayPalHttpConnection : INFO: POST https://api.sandbox.paypal.com/v1/oauth2/token
[31-07-2018 11:13:30] PayPal\Core\PayPalHttpConnection : INFO: Response Status 	: 200
[31-07-2018 11:13:30] PayPal\Core\PayPalHttpConnection : INFO: POST https://api.sandbox.paypal.com/v1/payments/payment
[31-07-2018 11:13:33] PayPal\Core\PayPalHttpConnection : INFO: Response Status 	: 400
[31-07-2018 11:13:33] PayPal\Core\PayPalHttpConnection : ERROR: Got Http response code 400 when accessing https://api.sandbox.paypal.com/v1/payments/payment. {"name":"VALIDATION_ERROR","details":[{"field":"transactions","issue":"Item currency code must match transaction currency code."}],"message":"Invalid request. See details.","information_link":"https://developer.paypal.com/docs/api/payments/#errors","debug_id":"8ed2eaf9d8134"}
[31-07-2018 11:13:49] PayPal\Core\PayPalHttpConnection : INFO: POST https://api.sandbox.paypal.com/v1/oauth2/token
[31-07-2018 11:13:52] PayPal\Core\PayPalHttpConnection : INFO: Response Status 	: 200
[31-07-2018 11:13:52] PayPal\Core\PayPalHttpConnection : INFO: POST https://api.sandbox.paypal.com/v1/payments/payment
[31-07-2018 11:14:05] PayPal\Core\PayPalHttpConnection : INFO: Response Status 	: 201
[31-07-2018 11:15:54] PayPal\Core\PayPalHttpConnection : INFO: POST https://api.sandbox.paypal.com/v1/oauth2/token
[31-07-2018 11:15:59] PayPal\Core\PayPalHttpConnection : INFO: Response Status 	: 200
[31-07-2018 11:15:59] PayPal\Core\PayPalHttpConnection : INFO: POST https://api.sandbox.paypal.com/v1/payments/payment
[31-07-2018 11:16:01] PayPal\Core\PayPalHttpConnection : INFO: Response Status 	: 400
[31-07-2018 11:16:01] PayPal\Core\PayPalHttpConnection : ERROR: Got Http response code 400 when accessing https://api.sandbox.paypal.com/v1/payments/payment. {"name":"VALIDATION_ERROR","details":[{"field":"transactions","issue":"Item currency code must match transaction currency code."}],"message":"Invalid request. See details.","information_link":"https://developer.paypal.com/docs/api/payments/#errors","debug_id":"6e60adaf1912c"}
[02-08-2018 11:03:08] PayPal\Core\PayPalHttpConnection : INFO: POST https://api.sandbox.paypal.com/v1/oauth2/token
[02-08-2018 11:03:17] PayPal\Core\PayPalHttpConnection : INFO: Response Status 	: 200
[02-08-2018 11:03:17] PayPal\Core\PayPalHttpConnection : INFO: POST https://api.sandbox.paypal.com/v1/payments/payment
[02-08-2018 11:03:21] PayPal\Core\PayPalHttpConnection : INFO: Response Status 	: 201
[02-08-2018 11:05:34] PayPal\Core\PayPalHttpConnection : INFO: POST https://api.sandbox.paypal.com/v1/oauth2/token
[02-08-2018 11:05:36] PayPal\Core\PayPalHttpConnection : INFO: Response Status 	: 200
[02-08-2018 11:05:36] PayPal\Core\PayPalHttpConnection : INFO: POST https://api.sandbox.paypal.com/v1/payments/payment
[02-08-2018 11:05:37] PayPal\Core\PayPalHttpConnection : INFO: Response Status 	: 400
[02-08-2018 11:05:37] PayPal\Core\PayPalHttpConnection : ERROR: Got Http response code 400 when accessing https://api.sandbox.paypal.com/v1/payments/payment. {"name":"VALIDATION_ERROR","details":[{"field":"transactions","issue":"Item currency codes should be same as the transaction currency code in all buckets"}],"message":"Invalid request - see details","information_link":"https://developer.paypal.com/docs/api/payments/#errors","debug_id":"e07817f88efd3"}
[02-08-2018 11:06:13] PayPal\Core\PayPalHttpConnection : INFO: POST https://api.sandbox.paypal.com/v1/oauth2/token
[02-08-2018 11:06:15] PayPal\Core\PayPalHttpConnection : INFO: Response Status 	: 200
[02-08-2018 11:06:15] PayPal\Core\PayPalHttpConnection : INFO: POST https://api.sandbox.paypal.com/v1/payments/payment
[02-08-2018 11:06:18] PayPal\Core\PayPalHttpConnection : INFO: Response Status 	: 201
[06-08-2018 12:15:34] PayPal\Core\PayPalHttpConnection : INFO: POST https://api.sandbox.paypal.com/v1/oauth2/token
[06-08-2018 12:15:39] PayPal\Core\PayPalHttpConnection : INFO: Response Status 	: 200
[06-08-2018 12:15:39] PayPal\Core\PayPalHttpConnection : INFO: POST https://api.sandbox.paypal.com/v1/payments/payment
[06-08-2018 12:15:43] PayPal\Core\PayPalHttpConnection : INFO: Response Status 	: 201
[06-08-2018 12:15:48] PayPal\Core\PayPalHttpConnection : INFO: POST https://api.sandbox.paypal.com/v1/oauth2/token
[06-08-2018 12:15:49] PayPal\Core\PayPalHttpConnection : INFO: Response Status 	: 200
[06-08-2018 12:15:49] PayPal\Core\PayPalHttpConnection : INFO: POST https://api.sandbox.paypal.com/v1/payments/payment
[06-08-2018 12:15:52] PayPal\Core\PayPalHttpConnection : INFO: Response Status 	: 201
[06-08-2018 12:18:30] PayPal\Core\PayPalHttpConnection : INFO: POST https://api.sandbox.paypal.com/v1/oauth2/token
[06-08-2018 12:18:34] PayPal\Core\PayPalHttpConnection : INFO: Response Status 	: 200
[06-08-2018 12:18:34] PayPal\Core\PayPalHttpConnection : INFO: POST https://api.sandbox.paypal.com/v1/payments/payment
[06-08-2018 12:18:36] PayPal\Core\PayPalHttpConnection : INFO: Response Status 	: 201
[06-08-2018 12:19:45] PayPal\Core\PayPalHttpConnection : INFO: POST https://api.sandbox.paypal.com/v1/oauth2/token
[06-08-2018 12:19:54] PayPal\Core\PayPalHttpConnection : INFO: Response Status 	: 200
[06-08-2018 12:19:54] PayPal\Core\PayPalHttpConnection : INFO: POST https://api.sandbox.paypal.com/v1/payments/payment
[06-08-2018 12:19:57] PayPal\Core\PayPalHttpConnection : INFO: Response Status 	: 201
[06-08-2018 12:27:30] PayPal\Core\PayPalHttpConnection : INFO: POST https://api.sandbox.paypal.com/v1/oauth2/token
[06-08-2018 12:27:32] PayPal\Core\PayPalHttpConnection : INFO: POST https://api.sandbox.paypal.com/v1/oauth2/token
[06-08-2018 12:27:34] PayPal\Core\PayPalHttpConnection : INFO: Response Status 	: 200
[06-08-2018 12:27:34] PayPal\Core\PayPalHttpConnection : INFO: POST https://api.sandbox.paypal.com/v1/payments/payment
[06-08-2018 12:27:35] PayPal\Core\PayPalHttpConnection : INFO: Response Status 	: 200
[06-08-2018 12:27:35] PayPal\Core\PayPalHttpConnection : INFO: POST https://api.sandbox.paypal.com/v1/payments/payment
[06-08-2018 12:27:40] PayPal\Core\PayPalHttpConnection : INFO: Response Status 	: 201
[06-08-2018 12:27:40] PayPal\Core\PayPalHttpConnection : INFO: Response Status 	: 201
[06-08-2018 12:27:40] PayPal\Core\PayPalHttpConnection : INFO: POST https://api.sandbox.paypal.com/v1/oauth2/token
[06-08-2018 12:27:42] PayPal\Core\PayPalHttpConnection : INFO: Response Status 	: 200
[06-08-2018 12:27:42] PayPal\Core\PayPalHttpConnection : INFO: POST https://api.sandbox.paypal.com/v1/payments/payment
[06-08-2018 12:27:44] PayPal\Core\PayPalHttpConnection : INFO: Response Status 	: 201
[06-08-2018 12:32:42] PayPal\Core\PayPalHttpConnection : INFO: POST https://api.sandbox.paypal.com/v1/oauth2/token
[06-08-2018 12:32:44] PayPal\Core\PayPalHttpConnection : INFO: Response Status 	: 200
[06-08-2018 12:32:44] PayPal\Core\PayPalHttpConnection : INFO: POST https://api.sandbox.paypal.com/v1/payments/payment
[06-08-2018 12:32:47] PayPal\Core\PayPalHttpConnection : INFO: Response Status 	: 201
[06-08-2018 12:35:02] PayPal\Core\PayPalHttpConnection : INFO: POST https://api.sandbox.paypal.com/v1/oauth2/token
[06-08-2018 12:35:04] PayPal\Core\PayPalHttpConnection : INFO: Response Status 	: 200
[06-08-2018 12:35:04] PayPal\Core\PayPalHttpConnection : INFO: POST https://api.sandbox.paypal.com/v1/payments/payment
[06-08-2018 12:35:07] PayPal\Core\PayPalHttpConnection : INFO: Response Status 	: 201
[06-08-2018 12:36:34] PayPal\Core\PayPalHttpConnection : INFO: POST https://api.sandbox.paypal.com/v1/oauth2/token
[06-08-2018 12:36:51] PayPal\Core\PayPalHttpConnection : INFO: POST https://api.sandbox.paypal.com/v1/oauth2/token
[06-08-2018 12:36:58] PayPal\Core\PayPalHttpConnection : INFO: Response Status 	: 200
[06-08-2018 12:36:58] PayPal\Core\PayPalHttpConnection : INFO: POST https://api.sandbox.paypal.com/v1/payments/payment
[06-08-2018 12:37:00] PayPal\Core\PayPalHttpConnection : INFO: Response Status 	: 201
[06-08-2018 12:39:19] PayPal\Core\PayPalHttpConnection : INFO: POST https://api.sandbox.paypal.com/v1/oauth2/token
[06-08-2018 12:39:21] PayPal\Core\PayPalHttpConnection : INFO: Response Status 	: 200
[06-08-2018 12:39:21] PayPal\Core\PayPalHttpConnection : INFO: POST https://api.sandbox.paypal.com/v1/payments/payment
[06-08-2018 12:39:24] PayPal\Core\PayPalHttpConnection : INFO: Response Status 	: 201
